This file contains any messages produced by compilers while
running configure, to aid debugging if configure makes a mistake.

It was created by configure, which was
generated by GNU Autoconf 2.59.  Invocation command line was

  $ /home/ze/WindowsFiles/ze/Doutoramento/Soft/DBSniffer/DBSniffer/configure --enable-debug=full

## --------- ##
## Platform. ##
## --------- ##

hostname = localhost
uname -m = i686
uname -r = 2.6.12-18mdk
uname -s = Linux
uname -v = #1 Wed Mar 15 13:15:23 MST 2006

/usr/bin/uname -p = unknown
/bin/uname -X     = unknown

/bin/arch              = i686
/usr/bin/arch -k       = unknown
/usr/convex/getsysinfo = unknown
hostinfo               = unknown
/bin/machine           = unknown
/usr/bin/oslevel       = unknown
/bin/universe          = unknown

PATH: /u01/app/oracle/product/10.2.0/db_1/bin
PATH: /usr/sbin
PATH: /usr/bin
PATH: /bin
PATH: /usr/bin
PATH: /usr/local/bin
PATH: /usr/X11R6/bin/
PATH: /usr/games
PATH: /usr/lib/jre-1.4.2_09/bin
PATH: /usr/share/apps/superkaramba/scripts
PATH: /home/ze/bin


## ----------- ##
## Core tests. ##
## ----------- ##

configure:1539: checking for a BSD-compatible install
configure:1594: result: /usr/bin/install -c
configure:1605: checking whether build environment is sane
configure:1648: result: yes
configure:1681: checking for gawk
configure:1697: found /usr/bin/gawk
configure:1707: result: gawk
configure:1717: checking whether make sets $(MAKE)
configure:1737: result: yes
configure:1960: checking for g++
configure:1976: found /usr/bin/g++
configure:1986: result: g++
configure:2002: checking for C++ compiler version
configure:2005: g++ --version </dev/null >&5
g++ (GCC) 4.0.1 (4.0.1-5mdk for Mandriva Linux release 2006.0)
Copyright (C) 2005 Free Software Foundation, Inc.
This is free software; see the source for copying conditions.  There is NO
warranty; not even for MERCHANTABILITY or FITNESS FOR A PARTICULAR PURPOSE.

configure:2008: $? = 0
configure:2010: g++ -v </dev/null >&5
Using built-in specs.
Target: i586-mandriva-linux-gnu
Configured with: ../configure --prefix=/usr --libexecdir=/usr/lib --with-slibdir=/lib --mandir=/usr/share/man --infodir=/usr/share/info --enable-shared --enable-threads=posix --disable-checking --enable-languages=c,c++,ada,f95,objc,java --host=i586-mandriva-linux-gnu --with-system-zlib --enable-long-long --enable-__cxa_atexit --enable-clocale=gnu --disable-libunwind-exceptions --enable-java-awt=gtk --with-java-home=/usr/lib/jvm/java-1.4.2-gcj-1.4.2.0/jre --enable-gtk-cairo --disable-libjava-multilib
Thread model: posix
gcc version 4.0.1 (4.0.1-5mdk for Mandriva Linux release 2006.0)
configure:2013: $? = 0
configure:2015: g++ -V </dev/null >&5
g++: '-V' option must have argument
configure:2018: $? = 1
configure:2041: checking for C++ compiler default output file name
configure:2044: g++ -O0 -g3   conftest.cc  >&5
configure:2047: $? = 0
configure:2093: result: a.out
configure:2098: checking whether the C++ compiler works
configure:2104: ./a.out
configure:2107: $? = 0
configure:2124: result: yes
configure:2131: checking whether we are cross compiling
configure:2133: result: no
configure:2136: checking for suffix of executables
configure:2138: g++ -o conftest -O0 -g3   conftest.cc  >&5
configure:2141: $? = 0
configure:2166: result: 
configure:2172: checking for suffix of object files
configure:2193: g++ -c -O0 -g3  conftest.cc >&5
configure:2196: $? = 0
configure:2218: result: o
configure:2222: checking whether we are using the GNU C++ compiler
configure:2246: g++ -c -O0 -g3  conftest.cc >&5
configure:2252: $? = 0
configure:2256: test -z 
			 || test ! -s conftest.err
configure:2259: $? = 0
configure:2262: test -s conftest.o
configure:2265: $? = 0
configure:2278: result: yes
configure:2284: checking whether g++ accepts -g
configure:2305: g++ -c -g  conftest.cc >&5
configure:2311: $? = 0
configure:2315: test -z 
			 || test ! -s conftest.err
configure:2318: $? = 0
configure:2321: test -s conftest.o
configure:2324: $? = 0
configure:2335: result: yes
configure:2377: g++ -c -O0 -g3  conftest.cc >&5
configure:2383: $? = 0
configure:2387: test -z 
			 || test ! -s conftest.err
configure:2390: $? = 0
configure:2393: test -s conftest.o
configure:2396: $? = 0
configure:2422: g++ -c -O0 -g3  conftest.cc >&5
conftest.cc: In function 'int main()':
conftest.cc:15: error: 'exit' was not declared in this scope
configure:2428: $? = 1
configure: failed program was:
| /* confdefs.h.  */
| 
| #define PACKAGE_NAME ""
| #define PACKAGE_TARNAME ""
| #define PACKAGE_VERSION ""
| #define PACKAGE_STRING ""
| #define PACKAGE_BUGREPORT ""
| #define PACKAGE "dbsniffer"
| #define VERSION "0.1"
| /* end confdefs.h.  */
| 
| int
| main ()
| {
| exit (42);
|   ;
|   return 0;
| }
configure:2377: g++ -c -O0 -g3  conftest.cc >&5
configure:2383: $? = 0
configure:2387: test -z 
			 || test ! -s conftest.err
configure:2390: $? = 0
configure:2393: test -s conftest.o
configure:2396: $? = 0
configure:2422: g++ -c -O0 -g3  conftest.cc >&5
configure:2428: $? = 0
configure:2432: test -z 
			 || test ! -s conftest.err
configure:2435: $? = 0
configure:2438: test -s conftest.o
configure:2441: $? = 0
configure:2475: checking for style of include used by make
configure:2503: result: GNU
configure:2531: checking dependency style of g++
configure:2614: result: gcc3
configure:2709: checking build system type
configure:2727: result: i686-pc-linux-gnu
configure:2735: checking host system type
configure:2749: result: i686-pc-linux-gnu
configure:2803: checking for gcc
configure:2819: found /usr/bin/gcc
configure:2829: result: gcc
configure:3073: checking for C compiler version
configure:3076: gcc --version </dev/null >&5
gcc (GCC) 4.0.1 (4.0.1-5mdk for Mandriva Linux release 2006.0)
Copyright (C) 2005 Free Software Foundation, Inc.
This is free software; see the source for copying conditions.  There is NO
warranty; not even for MERCHANTABILITY or FITNESS FOR A PARTICULAR PURPOSE.

configure:3079: $? = 0
configure:3081: gcc -v </dev/null >&5
Using built-in specs.
Target: i586-mandriva-linux-gnu
Configured with: ../configure --prefix=/usr --libexecdir=/usr/lib --with-slibdir=/lib --mandir=/usr/share/man --infodir=/usr/share/info --enable-shared --enable-threads=posix --disable-checking --enable-languages=c,c++,ada,f95,objc,java --host=i586-mandriva-linux-gnu --with-system-zlib --enable-long-long --enable-__cxa_atexit --enable-clocale=gnu --disable-libunwind-exceptions --enable-java-awt=gtk --with-java-home=/usr/lib/jvm/java-1.4.2-gcj-1.4.2.0/jre --enable-gtk-cairo --disable-libjava-multilib
Thread model: posix
gcc version 4.0.1 (4.0.1-5mdk for Mandriva Linux release 2006.0)
configure:3084: $? = 0
configure:3086: gcc -V </dev/null >&5
gcc: '-V' option must have argument
configure:3089: $? = 1
configure:3092: checking whether we are using the GNU C compiler
configure:3116: gcc -c   conftest.c >&5
configure:3122: $? = 0
configure:3126: test -z 
			 || test ! -s conftest.err
configure:3129: $? = 0
configure:3132: test -s conftest.o
configure:3135: $? = 0
configure:3148: result: yes
configure:3154: checking whether gcc accepts -g
configure:3175: gcc -c -g  conftest.c >&5
configure:3181: $? = 0
configure:3185: test -z 
			 || test ! -s conftest.err
configure:3188: $? = 0
configure:3191: test -s conftest.o
configure:3194: $? = 0
configure:3205: result: yes
configure:3222: checking for gcc option to accept ANSI C
configure:3292: gcc  -c -g -O2  conftest.c >&5
configure:3298: $? = 0
configure:3302: test -z 
			 || test ! -s conftest.err
configure:3305: $? = 0
configure:3308: test -s conftest.o
configure:3311: $? = 0
configure:3329: result: none needed
configure:3347: gcc -c -g -O2  conftest.c >&5
conftest.c:2: error: syntax error before 'me'
configure:3353: $? = 1
configure: failed program was:
| #ifndef __cplusplus
|   choke me
| #endif
configure:3488: checking dependency style of gcc
configure:3571: result: gcc3
configure:3588: checking for a sed that does not truncate output
configure:3642: result: /bin/sed
configure:3645: checking for egrep
configure:3655: result: grep -E
configure:3671: checking for ld used by gcc
configure:3738: result: /usr/bin/ld
configure:3747: checking if the linker (/usr/bin/ld) is GNU ld
configure:3762: result: yes
configure:3767: checking for /usr/bin/ld option to reload object files
configure:3774: result: -r
configure:3792: checking for BSD-compatible nm
configure:3834: result: /usr/bin/nm -B
configure:3838: checking whether ln -s works
configure:3842: result: yes
configure:3849: checking how to recognise dependent libraries
configure:4021: result: pass_all
configure:4235: checking how to run the C preprocessor
configure:4270: gcc -E  conftest.c
configure:4276: $? = 0
configure:4308: gcc -E  conftest.c
conftest.c:14:28: error: ac_nonexistent.h: No such file or directory
configure:4314: $? = 1
configure: failed program was:
| /* confdefs.h.  */
| 
| #define PACKAGE_NAME ""
| #define PACKAGE_TARNAME ""
| #define PACKAGE_VERSION ""
| #define PACKAGE_STRING ""
| #define PACKAGE_BUGREPORT ""
| #define PACKAGE "dbsniffer"
| #define VERSION "0.1"
| #ifdef __cplusplus
| extern "C" void std::exit (int) throw (); using std::exit;
| #endif
| /* end confdefs.h.  */
| #include <ac_nonexistent.h>
configure:4353: result: gcc -E
configure:4377: gcc -E  conftest.c
configure:4383: $? = 0
configure:4415: gcc -E  conftest.c
conftest.c:14:28: error: ac_nonexistent.h: No such file or directory
configure:4421: $? = 1
configure: failed program was:
| /* confdefs.h.  */
| 
| #define PACKAGE_NAME ""
| #define PACKAGE_TARNAME ""
| #define PACKAGE_VERSION ""
| #define PACKAGE_STRING ""
| #define PACKAGE_BUGREPORT ""
| #define PACKAGE "dbsniffer"
| #define VERSION "0.1"
| #ifdef __cplusplus
| extern "C" void std::exit (int) throw (); using std::exit;
| #endif
| /* end confdefs.h.  */
| #include <ac_nonexistent.h>
configure:4465: checking for ANSI C header files
configure:4490: gcc -c -g -O2  conftest.c >&5
configure:4496: $? = 0
configure:4500: test -z 
			 || test ! -s conftest.err
configure:4503: $? = 0
configure:4506: test -s conftest.o
configure:4509: $? = 0
configure:4598: gcc -o conftest -g -O2   conftest.c  >&5
conftest.c: In function 'main':
conftest.c:31: warning: incompatible implicit declaration of built-in function 'exit'
configure:4601: $? = 0
configure:4603: ./conftest
configure:4606: $? = 0
configure:4621: result: yes
configure:4645: checking for sys/types.h
configure:4661: gcc -c -g -O2  conftest.c >&5
configure:4667: $? = 0
configure:4671: test -z 
			 || test ! -s conftest.err
configure:4674: $? = 0
configure:4677: test -s conftest.o
configure:4680: $? = 0
configure:4691: result: yes
configure:4645: checking for sys/stat.h
configure:4661: gcc -c -g -O2  conftest.c >&5
configure:4667: $? = 0
configure:4671: test -z 
			 || test ! -s conftest.err
configure:4674: $? = 0
configure:4677: test -s conftest.o
configure:4680: $? = 0
configure:4691: result: yes
configure:4645: checking for stdlib.h
configure:4661: gcc -c -g -O2  conftest.c >&5
configure:4667: $? = 0
configure:4671: test -z 
			 || test ! -s conftest.err
configure:4674: $? = 0
configure:4677: test -s conftest.o
configure:4680: $? = 0
configure:4691: result: yes
configure:4645: checking for string.h
configure:4661: gcc -c -g -O2  conftest.c >&5
configure:4667: $? = 0
configure:4671: test -z 
			 || test ! -s conftest.err
configure:4674: $? = 0
configure:4677: test -s conftest.o
configure:4680: $? = 0
configure:4691: result: yes
configure:4645: checking for memory.h
configure:4661: gcc -c -g -O2  conftest.c >&5
configure:4667: $? = 0
configure:4671: test -z 
			 || test ! -s conftest.err
configure:4674: $? = 0
configure:4677: test -s conftest.o
configure:4680: $? = 0
configure:4691: result: yes
configure:4645: checking for strings.h
configure:4661: gcc -c -g -O2  conftest.c >&5
configure:4667: $? = 0
configure:4671: test -z 
			 || test ! -s conftest.err
configure:4674: $? = 0
configure:4677: test -s conftest.o
configure:4680: $? = 0
configure:4691: result: yes
configure:4645: checking for inttypes.h
configure:4661: gcc -c -g -O2  conftest.c >&5
configure:4667: $? = 0
configure:4671: test -z 
			 || test ! -s conftest.err
configure:4674: $? = 0
configure:4677: test -s conftest.o
configure:4680: $? = 0
configure:4691: result: yes
configure:4645: checking for stdint.h
configure:4661: gcc -c -g -O2  conftest.c >&5
configure:4667: $? = 0
configure:4671: test -z 
			 || test ! -s conftest.err
configure:4674: $? = 0
configure:4677: test -s conftest.o
configure:4680: $? = 0
configure:4691: result: yes
configure:4645: checking for unistd.h
configure:4661: gcc -c -g -O2  conftest.c >&5
configure:4667: $? = 0
configure:4671: test -z 
			 || test ! -s conftest.err
configure:4674: $? = 0
configure:4677: test -s conftest.o
configure:4680: $? = 0
configure:4691: result: yes
configure:4717: checking dlfcn.h usability
configure:4729: gcc -c -g -O2  conftest.c >&5
configure:4735: $? = 0
configure:4739: test -z 
			 || test ! -s conftest.err
configure:4742: $? = 0
configure:4745: test -s conftest.o
configure:4748: $? = 0
configure:4758: result: yes
configure:4762: checking dlfcn.h presence
configure:4772: gcc -E  conftest.c
configure:4778: $? = 0
configure:4798: result: yes
configure:4833: checking for dlfcn.h
configure:4840: result: yes
configure:4863: checking how to run the C++ preprocessor
configure:4894: g++ -E  conftest.cc
configure:4900: $? = 0
configure:4932: g++ -E  conftest.cc
conftest.cc:25:28: error: ac_nonexistent.h: No such file or directory
configure:4938: $? = 1
configure: failed program was:
| /* confdefs.h.  */
| 
| #define PACKAGE_NAME ""
| #define PACKAGE_TARNAME ""
| #define PACKAGE_VERSION ""
| #define PACKAGE_STRING ""
| #define PACKAGE_BUGREPORT ""
| #define PACKAGE "dbsniffer"
| #define VERSION "0.1"
| #ifdef __cplusplus
| extern "C" void std::exit (int) throw (); using std::exit;
| #endif
| #define STDC_HEADERS 1
| #define HAVE_SYS_TYPES_H 1
| #define HAVE_SYS_STAT_H 1
| #define HAVE_STDLIB_H 1
| #define HAVE_STRING_H 1
| #define HAVE_MEMORY_H 1
| #define HAVE_STRINGS_H 1
| #define HAVE_INTTYPES_H 1
| #define HAVE_STDINT_H 1
| #define HAVE_UNISTD_H 1
| #define HAVE_DLFCN_H 1
| /* end confdefs.h.  */
| #include <ac_nonexistent.h>
configure:4977: result: g++ -E
configure:5001: g++ -E  conftest.cc
configure:5007: $? = 0
configure:5039: g++ -E  conftest.cc
conftest.cc:25:28: error: ac_nonexistent.h: No such file or directory
configure:5045: $? = 1
configure: failed program was:
| /* confdefs.h.  */
| 
| #define PACKAGE_NAME ""
| #define PACKAGE_TARNAME ""
| #define PACKAGE_VERSION ""
| #define PACKAGE_STRING ""
| #define PACKAGE_BUGREPORT ""
| #define PACKAGE "dbsniffer"
| #define VERSION "0.1"
| #ifdef __cplusplus
| extern "C" void std::exit (int) throw (); using std::exit;
| #endif
| #define STDC_HEADERS 1
| #define HAVE_SYS_TYPES_H 1
| #define HAVE_SYS_STAT_H 1
| #define HAVE_STDLIB_H 1
| #define HAVE_STRING_H 1
| #define HAVE_MEMORY_H 1
| #define HAVE_STRINGS_H 1
| #define HAVE_INTTYPES_H 1
| #define HAVE_STDINT_H 1
| #define HAVE_UNISTD_H 1
| #define HAVE_DLFCN_H 1
| /* end confdefs.h.  */
| #include <ac_nonexistent.h>
configure:5142: checking for g77
configure:5171: result: no
configure:5142: checking for f77
configure:5171: result: no
configure:5142: checking for xlf
configure:5171: result: no
configure:5142: checking for frt
configure:5171: result: no
configure:5142: checking for pgf77
configure:5171: result: no
configure:5142: checking for fort77
configure:5171: result: no
configure:5142: checking for fl32
configure:5171: result: no
configure:5142: checking for af77
configure:5171: result: no
configure:5142: checking for f90
configure:5171: result: no
configure:5142: checking for xlf90
configure:5171: result: no
configure:5142: checking for pgf90
configure:5171: result: no
configure:5142: checking for epcf90
configure:5171: result: no
configure:5142: checking for f95
configure:5171: result: no
configure:5142: checking for fort
configure:5171: result: no
configure:5142: checking for xlf95
configure:5171: result: no
configure:5142: checking for ifc
configure:5171: result: no
configure:5142: checking for efc
configure:5171: result: no
configure:5142: checking for pgf95
configure:5171: result: no
configure:5142: checking for lf95
configure:5171: result: no
configure:5142: checking for gfortran
configure:5171: result: no
configure:5183: checking for Fortran 77 compiler version
configure:5186:  --version </dev/null >&5
/home/ze/WindowsFiles/ze/Doutoramento/Soft/DBSniffer/DBSniffer/configure: line 5187: --version: command not found
configure:5189: $? = 127
configure:5191:  -v </dev/null >&5
/home/ze/WindowsFiles/ze/Doutoramento/Soft/DBSniffer/DBSniffer/configure: line 5192: -v: command not found
configure:5194: $? = 127
configure:5196:  -V </dev/null >&5
/home/ze/WindowsFiles/ze/Doutoramento/Soft/DBSniffer/DBSniffer/configure: line 5197: -V: command not found
configure:5199: $? = 127
configure:5207: checking whether we are using the GNU Fortran 77 compiler
configure:5221:  -c  conftest.F >&5
/home/ze/WindowsFiles/ze/Doutoramento/Soft/DBSniffer/DBSniffer/configure: line 5222: -c: command not found
configure:5227: $? = 127
configure: failed program was:
|       program main
| #ifndef __GNUC__
|        choke me
| #endif
| 
|       end
configure:5253: result: no
configure:5259: checking whether  accepts -g
configure:5271:  -c -g conftest.f >&5
/home/ze/WindowsFiles/ze/Doutoramento/Soft/DBSniffer/DBSniffer/configure: line 5272: -c: command not found
configure:5277: $? = 127
configure: failed program was:
|       program main
| 
|       end
configure:5302: result: no
configure:5332: checking the maximum length of command line arguments
configure:5424: result: 32768
configure:5435: checking command to parse /usr/bin/nm -B output from gcc object
configure:5531: g++ -c -O0 -g3  conftest.cc >&5
configure:5534: $? = 0
configure:5538: /usr/bin/nm -B conftest.o \| sed -n -e 's/^.*[ 	]\([ABCDGIRSTW][ABCDGIRSTW]*\)[ 	][ 	]*\([_A-Za-z][_A-Za-z0-9]*\)$/\1 \2 \2/p' \> conftest.nm
configure:5541: $? = 0
configure:5593: g++ -o conftest -O0 -g3   conftest.cc conftstm.o >&5
configure:5596: $? = 0
configure:5634: result: ok
configure:5638: checking for objdir
configure:5653: result: .libs
configure:5743: checking for ar
configure:5759: found /usr/bin/ar
configure:5770: result: ar
configure:5823: checking for ranlib
configure:5839: found /usr/bin/ranlib
configure:5850: result: ranlib
configure:5903: checking for strip
configure:5919: found /usr/bin/strip
configure:5930: result: strip
configure:6217: checking if gcc static flag  works
configure:6245: result: yes
configure:6263: checking if gcc supports -fno-rtti -fno-exceptions
configure:6281: gcc -c -g -O2  -fno-rtti -fno-exceptions conftest.c >&5
cc1: warning: command line option "-fno-rtti" is valid for C++/ObjC++ but not for C
configure:6285: $? = 0
configure:6298: result: no
configure:6313: checking for gcc option to produce PIC
configure:6517: result: -fPIC
configure:6525: checking if gcc PIC flag -fPIC works
configure:6543: gcc -c -g -O2  -fPIC -DPIC conftest.c >&5
configure:6547: $? = 0
configure:6560: result: yes
configure:6584: checking if gcc supports -c -o file.o
configure:6605: gcc -c -g -O2  -o out/conftest2.o conftest.c >&5
configure:6609: $? = 0
configure:6631: result: yes
configure:6657: checking whether the gcc linker (/usr/bin/ld) supports shared libraries
configure:7553: result: yes
configure:7579: checking whether -lc should be explicitly linked in
configure:7584: gcc -c -g -O2  conftest.c >&5
configure:7587: $? = 0
configure:7601: gcc -shared conftest.o  -v -Wl,-soname -Wl,conftest -o conftest 2\>\&1 \| grep  -lc  \>/dev/null 2\>\&1
configure:7604: $? = 0
configure:7616: result: no
configure:7624: checking dynamic linker characteristics
configure:8191: result: GNU/Linux ld.so
configure:8195: checking how to hardcode library paths into programs
configure:8220: result: immediate
configure:8234: checking whether stripping libraries is possible
configure:8239: result: yes
configure:9069: checking if libtool supports shared libraries
configure:9071: result: yes
configure:9074: checking whether to build shared libraries
configure:9095: result: yes
configure:9098: checking whether to build static libraries
configure:9102: result: yes
configure:9194: creating libtool
configure:9772: checking for ld used by g++
configure:9839: result: /usr/bin/ld
configure:9848: checking if the linker (/usr/bin/ld) is GNU ld
configure:9863: result: yes
configure:9914: checking whether the g++ linker (/usr/bin/ld) supports shared libraries
configure:10801: result: yes
configure:10819: g++ -c -O0 -g3  conftest.cc >&5
configure:10822: $? = 0
configure:10918: checking for g++ option to produce PIC
configure:11186: result: -fPIC
configure:11194: checking if g++ PIC flag -fPIC works
configure:11212: g++ -c -O0 -g3  -fPIC -DPIC conftest.cc >&5
configure:11216: $? = 0
configure:11229: result: yes
configure:11253: checking if g++ supports -c -o file.o
configure:11274: g++ -c -O0 -g3  -o out/conftest2.o conftest.cc >&5
configure:11278: $? = 0
configure:11300: result: yes
configure:11326: checking whether the g++ linker (/usr/bin/ld) supports shared libraries
configure:11351: result: yes
configure:11422: checking dynamic linker characteristics
configure:11989: result: GNU/Linux ld.so
configure:11993: checking how to hardcode library paths into programs
configure:12018: result: immediate
configure:12032: checking whether stripping libraries is possible
configure:12037: result: yes
configure:19703: creating ./config.status

## ---------------------- ##
## Running config.status. ##
## ---------------------- ##

This file was extended by config.status, which was
generated by GNU Autoconf 2.59.  Invocation command line was

  CONFIG_FILES    = 
  CONFIG_HEADERS  = 
  CONFIG_LINKS    = 
  CONFIG_COMMANDS = 
  $ ./config.status 

on localhost

config.status:712: creating Makefile
config.status:712: creating src/Makefile
config.status:809: creating config.h
config.status:1097: executing depfiles commands

## ---------------- ##
## Cache variables. ##
## ---------------- ##

ac_cv_build=i686-pc-linux-gnu
ac_cv_build_alias=i686-pc-linux-gnu
ac_cv_c_compiler_gnu=yes
ac_cv_cxx_compiler_gnu=yes
ac_cv_env_CC_set=
ac_cv_env_CC_value=
ac_cv_env_CFLAGS_set=
ac_cv_env_CFLAGS_value=
ac_cv_env_CPPFLAGS_set=
ac_cv_env_CPPFLAGS_value=
ac_cv_env_CPP_set=
ac_cv_env_CPP_value=
ac_cv_env_CXXCPP_set=
ac_cv_env_CXXCPP_value=
ac_cv_env_CXXFLAGS_set=set
ac_cv_env_CXXFLAGS_value='-O0 -g3'
ac_cv_env_CXX_set=
ac_cv_env_CXX_value=
ac_cv_env_F77_set=
ac_cv_env_F77_value=
ac_cv_env_FFLAGS_set=
ac_cv_env_FFLAGS_value=
ac_cv_env_LDFLAGS_set=
ac_cv_env_LDFLAGS_value=
ac_cv_env_build_alias_set=
ac_cv_env_build_alias_value=
ac_cv_env_host_alias_set=
ac_cv_env_host_alias_value=
ac_cv_env_target_alias_set=
ac_cv_env_target_alias_value=
ac_cv_exeext=
ac_cv_f77_compiler_gnu=no
ac_cv_header_dlfcn_h=yes
ac_cv_header_inttypes_h=yes
ac_cv_header_memory_h=yes
ac_cv_header_stdc=yes
ac_cv_header_stdint_h=yes
ac_cv_header_stdlib_h=yes
ac_cv_header_string_h=yes
ac_cv_header_strings_h=yes
ac_cv_header_sys_stat_h=yes
ac_cv_header_sys_types_h=yes
ac_cv_header_unistd_h=yes
ac_cv_host=i686-pc-linux-gnu
ac_cv_host_alias=i686-pc-linux-gnu
ac_cv_objext=o
ac_cv_path_install='/usr/bin/install -c'
ac_cv_prog_AWK=gawk
ac_cv_prog_CPP='gcc -E'
ac_cv_prog_CXXCPP='g++ -E'
ac_cv_prog_ac_ct_AR=ar
ac_cv_prog_ac_ct_CC=gcc
ac_cv_prog_ac_ct_CXX=g++
ac_cv_prog_ac_ct_RANLIB=ranlib
ac_cv_prog_ac_ct_STRIP=strip
ac_cv_prog_cc_g=yes
ac_cv_prog_cc_stdc=
ac_cv_prog_cxx_g=yes
ac_cv_prog_egrep='grep -E'
ac_cv_prog_f77_g=no
ac_cv_prog_make_make_set=yes
am_cv_CC_dependencies_compiler_type=gcc3
am_cv_CXX_dependencies_compiler_type=gcc3
lt_cv_deplibs_check_method=pass_all
lt_cv_file_magic_cmd='$MAGIC_CMD'
lt_cv_file_magic_test_file=
lt_cv_ld_reload_flag=-r
lt_cv_objdir=.libs
lt_cv_path_LD=/usr/bin/ld
lt_cv_path_LDCXX=/usr/bin/ld
lt_cv_path_NM='/usr/bin/nm -B'
lt_cv_path_SED=/bin/sed
lt_cv_prog_compiler_c_o=yes
lt_cv_prog_compiler_c_o_CXX=yes
lt_cv_prog_compiler_rtti_exceptions=no
lt_cv_prog_gnu_ld=yes
lt_cv_prog_gnu_ldcxx=yes
lt_cv_sys_global_symbol_pipe='sed -n -e '\''s/^.*[ 	]\([ABCDGIRSTW][ABCDGIRSTW]*\)[ 	][ 	]*\([_A-Za-z][_A-Za-z0-9]*\)$/\1 \2 \2/p'\'''
lt_cv_sys_global_symbol_to_c_name_address='sed -n -e '\''s/^: \([^ ]*\) $/  {\"\1\", (lt_ptr) 0},/p'\'' -e '\''s/^[BCDEGRST] \([^ ]*\) \([^ ]*\)$/  {"\2", (lt_ptr) \&\2},/p'\'''
lt_cv_sys_global_symbol_to_cdecl='sed -n -e '\''s/^. .* \(.*\)$/extern int \1;/p'\'''
lt_cv_sys_max_cmd_len=32768
lt_lt_cv_prog_compiler_c_o='"yes"'
lt_lt_cv_prog_compiler_c_o_CXX='"yes"'
lt_lt_cv_sys_global_symbol_pipe='"sed -n -e '\''s/^.*[ 	]\\([ABCDGIRSTW][ABCDGIRSTW]*\\)[ 	][ 	]*\\([_A-Za-z][_A-Za-z0-9]*\\)\$/\\1 \\2 \\2/p'\''"'
lt_lt_cv_sys_global_symbol_to_c_name_address='"sed -n -e '\''s/^: \\([^ ]*\\) \$/  {\\\"\\1\\\", (lt_ptr) 0},/p'\'' -e '\''s/^[BCDEGRST] \\([^ ]*\\) \\([^ ]*\\)\$/  {\"\\2\", (lt_ptr) \\&\\2},/p'\''"'
lt_lt_cv_sys_global_symbol_to_cdecl='"sed -n -e '\''s/^. .* \\(.*\\)\$/extern int \\1;/p'\''"'

## ----------------- ##
## Output variables. ##
## ----------------- ##

ACLOCAL='${SHELL} /home/ze/WindowsFiles/ze/Doutoramento/Soft/DBSniffer/DBSniffer/missing --run aclocal-1.7'
AMDEPBACKSLASH='\'
AMDEP_FALSE='#'
AMDEP_TRUE=''
AMTAR='${SHELL} /home/ze/WindowsFiles/ze/Doutoramento/Soft/DBSniffer/DBSniffer/missing --run tar'
AR='ar'
AUTOCONF='${SHELL} /home/ze/WindowsFiles/ze/Doutoramento/Soft/DBSniffer/DBSniffer/missing --run autoconf'
AUTOHEADER='${SHELL} /home/ze/WindowsFiles/ze/Doutoramento/Soft/DBSniffer/DBSniffer/missing --run autoheader'
AUTOMAKE='${SHELL} /home/ze/WindowsFiles/ze/Doutoramento/Soft/DBSniffer/DBSniffer/missing --run automake-1.7'
AWK='gawk'
CC='gcc'
CCDEPMODE='depmode=gcc3'
CFLAGS='-g -O2'
CPP='gcc -E'
CPPFLAGS=''
CXX='g++'
CXXCPP='g++ -E'
CXXDEPMODE='depmode=gcc3'
CXXFLAGS='-O0 -g3'
CYGPATH_W='echo'
DEFS='-DHAVE_CONFIG_H'
DEPDIR='.deps'
ECHO='echo'
ECHO_C=''
ECHO_N='-n'
ECHO_T=''
EGREP='grep -E'
EXEEXT=''
F77=''
FFLAGS=''
INSTALL_DATA='${INSTALL} -m 644'
INSTALL_PROGRAM='${INSTALL}'
INSTALL_SCRIPT='${INSTALL}'
INSTALL_STRIP_PROGRAM='${SHELL} $(install_sh) -c -s'
LDFLAGS=''
LIBOBJS=''
LIBS=''
LIBTOOL='$(SHELL) $(top_builddir)/libtool'
LN_S='ln -s'
LTLIBOBJS=''
MAKEINFO='${SHELL} /home/ze/WindowsFiles/ze/Doutoramento/Soft/DBSniffer/DBSniffer/missing --run makeinfo'
OBJEXT='o'
PACKAGE='dbsniffer'
PACKAGE_BUGREPORT=''
PACKAGE_NAME=''
PACKAGE_STRING=''
PACKAGE_TARNAME=''
PACKAGE_VERSION=''
PATH_SEPARATOR=':'
RANLIB='ranlib'
SET_MAKE=''
SHELL='/bin/sh'
STRIP='strip'
VERSION='0.1'
ac_ct_AR='ar'
ac_ct_CC='gcc'
ac_ct_CXX='g++'
ac_ct_F77=''
ac_ct_RANLIB='ranlib'
ac_ct_STRIP='strip'
am__fastdepCC_FALSE='#'
am__fastdepCC_TRUE=''
am__fastdepCXX_FALSE='#'
am__fastdepCXX_TRUE=''
am__include='include'
am__leading_dot='.'
am__quote=''
bindir='${exec_prefix}/bin'
build='i686-pc-linux-gnu'
build_alias=''
build_cpu='i686'
build_os='linux-gnu'
build_vendor='pc'
datadir='${prefix}/share'
exec_prefix='${prefix}'
host='i686-pc-linux-gnu'
host_alias=''
host_cpu='i686'
host_os='linux-gnu'
host_vendor='pc'
includedir='${prefix}/include'
infodir='${prefix}/info'
install_sh='/home/ze/WindowsFiles/ze/Doutoramento/Soft/DBSniffer/DBSniffer/install-sh'
libdir='${exec_prefix}/lib'
libexecdir='${exec_prefix}/libexec'
localstatedir='${prefix}/var'
mandir='${prefix}/man'
oldincludedir='/usr/include'
prefix='/usr/local'
program_transform_name='s,x,x,'
sbindir='${exec_prefix}/sbin'
sharedstatedir='${prefix}/com'
sysconfdir='${prefix}/etc'
target_alias=''

## ----------- ##
## confdefs.h. ##
## ----------- ##

#define HAVE_DLFCN_H 1
#define HAVE_INTTYPES_H 1
#define HAVE_MEMORY_H 1
#define HAVE_STDINT_H 1
#define HAVE_STDLIB_H 1
#define HAVE_STRINGS_H 1
#define HAVE_STRING_H 1
#define HAVE_SYS_STAT_H 1
#define HAVE_SYS_TYPES_H 1
#define HAVE_UNISTD_H 1
#define PACKAGE "dbsniffer"
#define PACKAGE_BUGREPORT ""
#define PACKAGE_NAME ""
#define PACKAGE_STRING ""
#define PACKAGE_TARNAME ""
#define PACKAGE_VERSION ""
#define STDC_HEADERS 1
#define VERSION "0.1"
#endif
#ifdef __cplusplus
extern "C" void std::exit (int) throw (); using std::exit;

configure: exit 0

## ---------------------- ##
## Running config.status. ##
## ---------------------- ##

This file was extended by config.status, which was
generated by GNU Autoconf 2.59.  Invocation command line was

  CONFIG_FILES    = 
  CONFIG_HEADERS  = 
  CONFIG_LINKS    = 
  CONFIG_COMMANDS = 
  $ ./config.status config.h

on localhost

config.status:809: creating config.h
config.status:917: config.h is unchanged

## ---------------------- ##
## Running config.status. ##
## ---------------------- ##

This file was extended by config.status, which was
generated by GNU Autoconf 2.59.  Invocation command line was

  CONFIG_FILES    = 
  CONFIG_HEADERS  = 
  CONFIG_LINKS    = 
  CONFIG_COMMANDS = 
  $ ./config.status Makefile

on ze-desktop

config.status:712: creating Makefile

## ---------------------- ##
## Running config.status. ##
## ---------------------- ##

This file was extended by config.status, which was
generated by GNU Autoconf 2.59.  Invocation command line was

  CONFIG_FILES    = 
  CONFIG_HEADERS  = 
  CONFIG_LINKS    = 
  CONFIG_COMMANDS = 
  $ ./config.status config.h

on ze-desktop

config.status:809: creating config.h
config.status:917: config.h is unchanged
